<?xml version="1.0" encoding="UTF-8"?>
<!-- Generated by org.testng.reporters.JUnitReportReporter -->
<testsuite hostname="LAPTOP-UDFPUN96" failures="0" tests="4" name="testNGLearning.Rediff" time="19.534" errors="0" timestamp="2023-02-04T13:20:10 EST" skipped="1">
  <testcase classname="testNGLearning.Rediff" name="openBrowser" time="4.907"/>
  <system-out/>
  <testcase classname="testNGLearning.Rediff" name="login" time="14.197"/>
  <system-out/>
  <testcase classname="testNGLearning.Rediff" name="closeBrowser" time="0.430"/>
  <system-out/>
  <testcase classname="testNGLearning.Rediff" name="login1">
    <skipped/>
  </testcase> <!-- login1 -->
  <system-out/>
</testsuite> <!-- testNGLearning.Rediff -->
